<?xml version="1.0" encoding="UTF-8"?>
<!-- Generated by org.testng.reporters.JUnitReportReporter -->
<testsuite ignored="1" hostname="CFS-LP-0192" failures="0" tests="1" name="amazon.testCases.TC_HomePage_001" time="0.747" errors="0" timestamp="02 Aug 2023 15:59:25 GMT" skipped="0">
  <testcase classname="amazon.testCases.TC_HomePage_001" name="language" time="0.747"/>
  <testcase classname="amazon.testCases.TC_HomePage_001" name="hamburger">
    <skipped/>
  </testcase> <!-- hamburger -->
</testsuite> <!-- amazon.testCases.TC_HomePage_001 -->
