<?xml version="1.0" encoding="UTF-8"?>
<!-- Generated by org.testng.reporters.JUnitReportReporter -->
<testsuite hostname="CFS-LP-0192" failures="0" tests="1" name="com.orangeCRM.testCases.TC_Login_001" time="4.512" errors="0" timestamp="2023-08-01T20:03:53 IST" skipped="0">
  <testcase classname="com.orangeCRM.testCases.TC_Login_001" name="validLogin" time="4.512"/>
</testsuite> <!-- com.orangeCRM.testCases.TC_Login_001 -->
