<?xml version="1.0" encoding="UTF-8"?>
<!-- Generated by org.testng.reporters.JUnitReportReporter -->
<testsuite ignored="0" hostname="CFS-LP-0192" failures="0" tests="1" name="com.orangeCRM.testCases.TC_Login_001" time="6.270" errors="0" timestamp="01 Aug 2023 08:18:16 GMT" skipped="0">
  <testcase classname="com.orangeCRM.testCases.TC_Login_001" name="validLogin" time="6.270"/>
</testsuite> <!-- com.orangeCRM.testCases.TC_Login_001 -->
