<?xml version="1.0" encoding="UTF-8"?>
<!-- Generated by org.testng.reporters.JUnitReportReporter -->
<testsuite ignored="0" hostname="CFS-LP-0192" failures="0" tests="1" name="com.orangeCRM.testCases.TC_Login_001" time="17.048" errors="0" timestamp="31 Jul 2023 17:05:33 GMT" skipped="0">
  <testcase classname="com.orangeCRM.testCases.TC_Login_001" name="validLogin" time="17.048"/>
</testsuite> <!-- com.orangeCRM.testCases.TC_Login_001 -->
